  audioEngine.cpp
C:\Users\thoma\source\repos\gbEmu\tomBoy\tomboyApp\imgui\imgui.h(213,47): error C3861: 'assert': identifier not found
C:\Users\thoma\source\repos\gbEmu\tomBoy\tomboyApp\imgui\imgui.h(214,47): error C3861: 'assert': identifier not found
C:\Users\thoma\source\repos\gbEmu\tomBoy\tomboyApp\imgui\imgui.h(1326,63): error C3861: 'assert': identifier not found
C:\Users\thoma\source\repos\gbEmu\tomBoy\tomboyApp\imgui\imgui.h(1326,63): message : 'assert': function declaration must be available as none of the arguments depend on a template parameter
C:\Users\thoma\source\repos\gbEmu\tomBoy\tomboyApp\imgui\imgui.h(1360): message : see reference to class template instantiation 'ImVector<T>' being compiled
C:\Users\thoma\source\repos\gbEmu\tomBoy\tomboyApp\imgui\imgui.h(1327,63): error C3861: 'assert': identifier not found
C:\Users\thoma\source\repos\gbEmu\tomBoy\tomboyApp\imgui\imgui.h(1327,63): message : 'assert': function declaration must be available as none of the arguments depend on a template parameter
C:\Users\thoma\source\repos\gbEmu\tomBoy\tomboyApp\imgui\imgui.h(1334,63): error C3861: 'assert': identifier not found
C:\Users\thoma\source\repos\gbEmu\tomBoy\tomboyApp\imgui\imgui.h(1334,63): message : 'assert': function declaration must be available as none of the arguments depend on a template parameter
C:\Users\thoma\source\repos\gbEmu\tomBoy\tomboyApp\imgui\imgui.h(1335,63): error C3861: 'assert': identifier not found
C:\Users\thoma\source\repos\gbEmu\tomBoy\tomboyApp\imgui\imgui.h(1335,63): message : 'assert': function declaration must be available as none of the arguments depend on a template parameter
C:\Users\thoma\source\repos\gbEmu\tomBoy\tomboyApp\imgui\imgui.h(1336,63): error C3861: 'assert': identifier not found
C:\Users\thoma\source\repos\gbEmu\tomBoy\tomboyApp\imgui\imgui.h(1336,63): message : 'assert': function declaration must be available as none of the arguments depend on a template parameter
C:\Users\thoma\source\repos\gbEmu\tomBoy\tomboyApp\imgui\imgui.h(1337,63): error C3861: 'assert': identifier not found
C:\Users\thoma\source\repos\gbEmu\tomBoy\tomboyApp\imgui\imgui.h(1337,63): message : 'assert': function declaration must be available as none of the arguments depend on a template parameter
C:\Users\thoma\source\repos\gbEmu\tomBoy\tomboyApp\imgui\imgui.h(1343,63): error C3861: 'assert': identifier not found
C:\Users\thoma\source\repos\gbEmu\tomBoy\tomboyApp\imgui\imgui.h(1343,63): message : 'assert': function declaration must be available as none of the arguments depend on a template parameter
C:\Users\thoma\source\repos\gbEmu\tomBoy\tomboyApp\imgui\imgui.h(1348,63): error C3861: 'assert': identifier not found
C:\Users\thoma\source\repos\gbEmu\tomBoy\tomboyApp\imgui\imgui.h(1348,63): message : 'assert': function declaration must be available as none of the arguments depend on a template parameter
C:\Users\thoma\source\repos\gbEmu\tomBoy\tomboyApp\imgui\imgui.h(1654,155): error C3861: 'assert': identifier not found
C:\Users\thoma\source\repos\gbEmu\tomBoy\tomboyApp\imgui\imgui.h(1715,51): error C3861: 'assert': identifier not found
C:\Users\thoma\source\repos\gbEmu\tomBoy\tomboyApp\imgui\imgui.h(1806,75): error C3861: 'assert': identifier not found
C:\Users\thoma\source\repos\gbEmu\tomBoy\tomboyApp\imgui\imgui_memory_editor\imgui_memory_editor.h(546,9): error C3861: 'assert': identifier not found
C:\Users\thoma\source\repos\gbEmu\tomBoy\tomboyApp\imgui\imgui_memory_editor\imgui_memory_editor.h(553,9): error C3861: 'assert': identifier not found
C:\Users\thoma\source\repos\gbEmu\tomBoy\tomboyApp\imgui\imgui_memory_editor\imgui_memory_editor.h(560,9): error C3861: 'assert': identifier not found
C:\Users\thoma\source\repos\gbEmu\tomBoy\tomboyApp\imgui\imgui_memory_editor\imgui_memory_editor.h(614,9): error C3861: 'assert': identifier not found
C:\Users\thoma\source\repos\gbEmu\tomBoy\tomboyApp\imgui\imgui_memory_editor\imgui_memory_editor.h(624,9): error C3861: 'assert': identifier not found
C:\Users\thoma\source\repos\gbEmu\tomBoy\tomboyApp\imgui\imgui_memory_editor\imgui_memory_editor.h(735,9): error C3861: 'assert': identifier not found
  imguiDisplay.cpp
C:\Users\thoma\source\repos\gbEmu\tomBoy\tomboyApp\imgui\imgui.h(213,47): error C3861: 'assert': identifier not found
C:\Users\thoma\source\repos\gbEmu\tomBoy\tomboyApp\imgui\imgui.h(214,47): error C3861: 'assert': identifier not found
C:\Users\thoma\source\repos\gbEmu\tomBoy\tomboyApp\imgui\imgui.h(1326,63): error C3861: 'assert': identifier not found
C:\Users\thoma\source\repos\gbEmu\tomBoy\tomboyApp\imgui\imgui.h(1326,63): message : 'assert': function declaration must be available as none of the arguments depend on a template parameter
C:\Users\thoma\source\repos\gbEmu\tomBoy\tomboyApp\imgui\imgui.h(1360): message : see reference to class template instantiation 'ImVector<T>' being compiled
C:\Users\thoma\source\repos\gbEmu\tomBoy\tomboyApp\imgui\imgui.h(1327,63): error C3861: 'assert': identifier not found
C:\Users\thoma\source\repos\gbEmu\tomBoy\tomboyApp\imgui\imgui.h(1327,63): message : 'assert': function declaration must be available as none of the arguments depend on a template parameter
C:\Users\thoma\source\repos\gbEmu\tomBoy\tomboyApp\imgui\imgui.h(1334,63): error C3861: 'assert': identifier not found
C:\Users\thoma\source\repos\gbEmu\tomBoy\tomboyApp\imgui\imgui.h(1334,63): message : 'assert': function declaration must be available as none of the arguments depend on a template parameter
C:\Users\thoma\source\repos\gbEmu\tomBoy\tomboyApp\imgui\imgui.h(1335,63): error C3861: 'assert': identifier not found
C:\Users\thoma\source\repos\gbEmu\tomBoy\tomboyApp\imgui\imgui.h(1335,63): message : 'assert': function declaration must be available as none of the arguments depend on a template parameter
C:\Users\thoma\source\repos\gbEmu\tomBoy\tomboyApp\imgui\imgui.h(1336,63): error C3861: 'assert': identifier not found
C:\Users\thoma\source\repos\gbEmu\tomBoy\tomboyApp\imgui\imgui.h(1336,63): message : 'assert': function declaration must be available as none of the arguments depend on a template parameter
C:\Users\thoma\source\repos\gbEmu\tomBoy\tomboyApp\imgui\imgui.h(1337,63): error C3861: 'assert': identifier not found
C:\Users\thoma\source\repos\gbEmu\tomBoy\tomboyApp\imgui\imgui.h(1337,63): message : 'assert': function declaration must be available as none of the arguments depend on a template parameter
C:\Users\thoma\source\repos\gbEmu\tomBoy\tomboyApp\imgui\imgui.h(1343,63): error C3861: 'assert': identifier not found
C:\Users\thoma\source\repos\gbEmu\tomBoy\tomboyApp\imgui\imgui.h(1343,63): message : 'assert': function declaration must be available as none of the arguments depend on a template parameter
C:\Users\thoma\source\repos\gbEmu\tomBoy\tomboyApp\imgui\imgui.h(1348,63): error C3861: 'assert': identifier not found
C:\Users\thoma\source\repos\gbEmu\tomBoy\tomboyApp\imgui\imgui.h(1348,63): message : 'assert': function declaration must be available as none of the arguments depend on a template parameter
C:\Users\thoma\source\repos\gbEmu\tomBoy\tomboyApp\imgui\imgui.h(1654,155): error C3861: 'assert': identifier not found
C:\Users\thoma\source\repos\gbEmu\tomBoy\tomboyApp\imgui\imgui.h(1715,51): error C3861: 'assert': identifier not found
C:\Users\thoma\source\repos\gbEmu\tomBoy\tomboyApp\imgui\imgui.h(1806,75): error C3861: 'assert': identifier not found
C:\Users\thoma\source\repos\gbEmu\tomBoy\tomboyApp\imgui\imgui_memory_editor\imgui_memory_editor.h(546,9): error C3861: 'assert': identifier not found
C:\Users\thoma\source\repos\gbEmu\tomBoy\tomboyApp\imgui\imgui_memory_editor\imgui_memory_editor.h(553,9): error C3861: 'assert': identifier not found
C:\Users\thoma\source\repos\gbEmu\tomBoy\tomboyApp\imgui\imgui_memory_editor\imgui_memory_editor.h(560,9): error C3861: 'assert': identifier not found
C:\Users\thoma\source\repos\gbEmu\tomBoy\tomboyApp\imgui\imgui_memory_editor\imgui_memory_editor.h(614,9): error C3861: 'assert': identifier not found
C:\Users\thoma\source\repos\gbEmu\tomBoy\tomboyApp\imgui\imgui_memory_editor\imgui_memory_editor.h(624,9): error C3861: 'assert': identifier not found
C:\Users\thoma\source\repos\gbEmu\tomBoy\tomboyApp\imgui\imgui_memory_editor\imgui_memory_editor.h(735,9): error C3861: 'assert': identifier not found
C:\Program Files (x86)\Windows Kits\10\Include\10.0.18362.0\um\DirectXMath.h(2082,5): error C3861: 'assert': identifier not found
C:\Program Files (x86)\Windows Kits\10\Include\10.0.18362.0\um\DirectXMath.h(2083,5): error C3861: 'assert': identifier not found
C:\Program Files (x86)\Windows Kits\10\Include\10.0.18362.0\um\DirectXMath.h(2122,5): error C3861: 'assert': identifier not found
C:\Program Files (x86)\Windows Kits\10\Include\10.0.18362.0\um\DirectXMathConvert.inl(30,5): error C3861: 'assert': identifier not found
C:\Program Files (x86)\Windows Kits\10\Include\10.0.18362.0\um\DirectXMathConvert.inl(64,5): error C3861: 'assert': identifier not found
C:\Program Files (x86)\Windows Kits\10\Include\10.0.18362.0\um\DirectXMathConvert.inl(117,5): error C3861: 'assert': identifier not found
C:\Program Files (x86)\Windows Kits\10\Include\10.0.18362.0\um\DirectXMathConvert.inl(160,5): error C3861: 'assert': identifier not found
C:\Program Files (x86)\Windows Kits\10\Include\10.0.18362.0\um\DirectXMathConvert.inl(225,5): error C3861: 'assert': identifier not found
C:\Program Files (x86)\Windows Kits\10\Include\10.0.18362.0\um\DirectXMathConvert.inl(245,5): error C3861: 'assert': identifier not found
C:\Program Files (x86)\Windows Kits\10\Include\10.0.18362.0\um\DirectXMathConvert.inl(268,5): error C3861: 'assert': identifier not found
C:\Program Files (x86)\Windows Kits\10\Include\10.0.18362.0\um\DirectXMathConvert.inl(294,5): error C3861: 'assert': identifier not found
C:\Program Files (x86)\Windows Kits\10\Include\10.0.18362.0\um\DirectXMathConvert.inl(295,5): error C3861: 'assert': identifier not found
C:\Program Files (x86)\Windows Kits\10\Include\10.0.18362.0\um\DirectXMathConvert.inl(320,5): error C3861: 'assert': identifier not found
C:\Program Files (x86)\Windows Kits\10\Include\10.0.18362.0\um\DirectXMathConvert.inl(346,5): error C3861: 'assert': identifier not found
C:\Program Files (x86)\Windows Kits\10\Include\10.0.18362.0\um\DirectXMathConvert.inl(347,5): error C3861: 'assert': identifier not found
C:\Program Files (x86)\Windows Kits\10\Include\10.0.18362.0\um\DirectXMathConvert.inl(372,5): error C3861: 'assert': identifier not found
C:\Program Files (x86)\Windows Kits\10\Include\10.0.18362.0\um\DirectXMathConvert.inl(400,5): error C3861: 'assert': identifier not found
C:\Program Files (x86)\Windows Kits\10\Include\10.0.18362.0\um\DirectXMathConvert.inl(440,5): error C3861: 'assert': identifier not found
C:\Program Files (x86)\Windows Kits\10\Include\10.0.18362.0\um\DirectXMathConvert.inl(469,5): error C3861: 'assert': identifier not found
C:\Program Files (x86)\Windows Kits\10\Include\10.0.18362.0\um\DirectXMathConvert.inl(470,5): error C3861: 'assert': identifier not found
C:\Program Files (x86)\Windows Kits\10\Include\10.0.18362.0\um\DirectXMathConvert.inl(497,5): error C3861: 'assert': identifier not found
C:\Program Files (x86)\Windows Kits\10\Include\10.0.18362.0\um\DirectXMathConvert.inl(526,5): error C3861: 'assert': identifier not found
C:\Program Files (x86)\Windows Kits\10\Include\10.0.18362.0\um\DirectXMathConvert.inl(527,5): error C3861: 'assert': identifier not found
C:\Program Files (x86)\Windows Kits\10\Include\10.0.18362.0\um\DirectXMathConvert.inl(553,5): error C3861: 'assert': identifier not found
C:\Program Files (x86)\Windows Kits\10\Include\10.0.18362.0\um\DirectXMathConvert.inl(586,5): error C3861: 'assert': identifier not found
C:\Program Files (x86)\Windows Kits\10\Include\10.0.18362.0\um\DirectXMathConvert.inl(629,5): error C3861: 'assert': identifier not found
C:\Program Files (x86)\Windows Kits\10\Include\10.0.18362.0\um\DirectXMathConvert.inl(653,5): error C3861: 'assert': identifier not found
C:\Program Files (x86)\Windows Kits\10\Include\10.0.18362.0\um\DirectXMathConvert.inl(654,5): error C3861: 'assert': identifier not found
C:\Program Files (x86)\Windows Kits\10\Include\10.0.18362.0\um\DirectXMathConvert.inl(677,5): error C3861: 'assert': identifier not found
C:\Program Files (x86)\Windows Kits\10\Include\10.0.18362.0\um\DirectXMathConvert.inl(699,5): error C3861: 'assert': identifier not found
C:\Program Files (x86)\Windows Kits\10\Include\10.0.18362.0\um\DirectXMathConvert.inl(700,5): error C3861: 'assert': identifier not found
C:\Program Files (x86)\Windows Kits\10\Include\10.0.18362.0\um\DirectXMathConvert.inl(722,5): error C3861: 'assert': identifier not found
C:\Program Files (x86)\Windows Kits\10\Include\10.0.18362.0\um\DirectXMathConvert.inl(748,5): error C3861: 'assert': identifier not found
C:\Program Files (x86)\Windows Kits\10\Include\10.0.18362.0\um\DirectXMathConvert.inl(784,5): error C3861: 'assert': identifier not found
C:\Program Files (x86)\Windows Kits\10\Include\10.0.18362.0\um\DirectXMathConvert.inl(849,5): error C3861: 'assert': identifier not found
C:\Program Files (x86)\Windows Kits\10\Include\10.0.18362.0\um\DirectXMathConvert.inl(929,5): error C3861: 'assert': identifier not found
C:\Program Files (x86)\Windows Kits\10\Include\10.0.18362.0\um\DirectXMathConvert.inl(930,5): error C3861: 'assert': identifier not found
C:\Program Files (x86)\Windows Kits\10\Include\10.0.18362.0\um\DirectXMathConvert.inl(1010,5): error C3861: 'assert': identifier not found
C:\Program Files (x86)\Windows Kits\10\Include\10.0.18362.0\um\DirectXMathConvert.inl(1091,5): error C3861: 'assert': identifier not found
C:\Program Files (x86)\Windows Kits\10\Include\10.0.18362.0\um\DirectXMathConvert.inl(1092,5): error C3861: 'assert': identifier not found
C:\Program Files (x86)\Windows Kits\10\Include\10.0.18362.0\um\DirectXMathConvert.inl(1173,5): error C3861: 'assert': identifier not found
C:\Program Files (x86)\Windows Kits\10\Include\10.0.18362.0\um\DirectXMathConvert.inl(1222,5): error C3861: 'assert': identifier not found
C:\Program Files (x86)\Windows Kits\10\Include\10.0.18362.0\um\DirectXMathConvert.inl(1223,5): error C3861: 'assert': identifier not found
C:\Program Files (x86)\Windows Kits\10\Include\10.0.18362.0\um\DirectXMathConvert.inl(1277,5): error C3861: 'assert': identifier not found
C:\Program Files (x86)\Windows Kits\10\Include\10.0.18362.0\um\DirectXMathConvert.inl(1295,5): error C3861: 'assert': identifier not found
C:\Program Files (x86)\Windows Kits\10\Include\10.0.18362.0\um\DirectXMathConvert.inl(1313,5): error C3861: 'assert': identifier not found
C:\Program Files (x86)\Windows Kits\10\Include\10.0.18362.0\um\DirectXMathConvert.inl(1335,5): error C3861: 'assert': identifier not found
C:\Program Files (x86)\Windows Kits\10\Include\10.0.18362.0\um\DirectXMathConvert.inl(1336,5): error C3861: 'assert': identifier not found
C:\Program Files (x86)\Windows Kits\10\Include\10.0.18362.0\um\DirectXMathConvert.inl(1356,5): error C3861: 'assert': identifier not found
C:\Program Files (x86)\Windows Kits\10\Include\10.0.18362.0\um\DirectXMathConvert.inl(1378,5): error C3861: 'assert': identifier not found
C:\Program Files (x86)\Windows Kits\10\Include\10.0.18362.0\um\DirectXMathConvert.inl(1379,5): error C3861: 'assert': identifier not found
C:\Program Files (x86)\Windows Kits\10\Include\10.0.18362.0\um\DirectXMathConvert.inl(1399,5): error C3861: 'assert': identifier not found
C:\Program Files (x86)\Windows Kits\10\Include\10.0.18362.0\um\DirectXMathConvert.inl(1431,5): error C3861: 'assert': identifier not found
C:\Program Files (x86)\Windows Kits\10\Include\10.0.18362.0\um\DirectXMathConvert.inl(1472,5): error C3861: 'assert': identifier not found
C:\Program Files (x86)\Windows Kits\10\Include\10.0.18362.0\um\DirectXMathConvert.inl(1498,5): error C3861: 'assert': identifier not found
C:\Program Files (x86)\Windows Kits\10\Include\10.0.18362.0\um\DirectXMathConvert.inl(1499,5): error C3861: 'assert': identifier not found
C:\Program Files (x86)\Windows Kits\10\Include\10.0.18362.0\um\DirectXMathConvert.inl(1523,5): error C3861: 'assert': identifier not found
C:\Program Files (x86)\Windows Kits\10\Include\10.0.18362.0\um\DirectXMathConvert.inl(1549,5): error C3861: 'assert': identifier not found
C:\Program Files (x86)\Windows Kits\10\Include\10.0.18362.0\um\DirectXMathConvert.inl(1550,5): error C3861: 'assert': identifier not found
C:\Program Files (x86)\Windows Kits\10\Include\10.0.18362.0\um\DirectXMathConvert.inl(1574,5): error C3861: 'assert': identifier not found
C:\Program Files (x86)\Windows Kits\10\Include\10.0.18362.0\um\DirectXMathConvert.inl(1610,5): error C3861: 'assert': identifier not found
C:\Program Files (x86)\Windows Kits\10\Include\10.0.18362.0\um\DirectXMathConvert.inl(1655,5): error C3861: 'assert': identifier not found
C:\Program Files (x86)\Windows Kits\10\Include\10.0.18362.0\um\DirectXMathConvert.inl(1676,5): error C3861: 'assert': identifier not found
C:\Program Files (x86)\Windows Kits\10\Include\10.0.18362.0\um\DirectXMathConvert.inl(1677,5): error C3861: 'assert': identifier not found
C:\Program Files (x86)\Windows Kits\10\Include\10.0.18362.0\um\DirectXMathConvert.inl(1698,5): error C3861: 'assert': identifier not found
C:\Program Files (x86)\Windows Kits\10\Include\10.0.18362.0\um\DirectXMathConvert.inl(1719,5): error C3861: 'assert': identifier not found
C:\Program Files (x86)\Windows Kits\10\Include\10.0.18362.0\um\DirectXMathConvert.inl(1720,5): error C3861: 'assert': identifier not found
C:\Program Files (x86)\Windows Kits\10\Include\10.0.18362.0\um\DirectXMathConvert.inl(1741,5): error C3861: 'assert': identifier not found
C:\Program Files (x86)\Windows Kits\10\Include\10.0.18362.0\um\DirectXMathConvert.inl(1771,5): error C3861: 'assert': identifier not found
C:\Program Files (x86)\Windows Kits\10\Include\10.0.18362.0\um\DirectXMathConvert.inl(1810,5): error C3861: 'assert': identifier not found
C:\Program Files (x86)\Windows Kits\10\Include\10.0.18362.0\um\DirectXMathConvert.inl(1857,5): error C3861: 'assert': identifier not found
C:\Program Files (x86)\Windows Kits\10\Include\10.0.18362.0\um\DirectXMathConvert.inl(1912,5): error C3861: 'assert': identifier not found
C:\Program Files (x86)\Windows Kits\10\Include\10.0.18362.0\um\DirectXMathConvert.inl(1913,5): error C3861: 'assert': identifier not found
C:\Program Files (x86)\Windows Kits\10\Include\10.0.18362.0\um\DirectXMathConvert.inl(1978,5): error C3861: 'assert': identifier not found
C:\Program Files (x86)\Windows Kits\10\Include\10.0.18362.0\um\DirectXMathConvert.inl(2037,5): error C3861: 'assert': identifier not found
C:\Program Files (x86)\Windows Kits\10\Include\10.0.18362.0\um\DirectXMathConvert.inl(2038,5): error C3861: 'assert': identifier not found
C:\Program Files (x86)\Windows Kits\10\Include\10.0.18362.0\um\DirectXMathConvert.inl(2097,5): error C3861: 'assert': identifier not found
C:\Program Files (x86)\Windows Kits\10\Include\10.0.18362.0\um\DirectXMathConvert.inl(2141,5): error C3861: 'assert': identifier not found
C:\Program Files (x86)\Windows Kits\10\Include\10.0.18362.0\um\DirectXMathConvert.inl(2142,5): error C3861: 'assert': identifier not found
C:\Program Files (x86)\Windows Kits\10\Include\10.0.18362.0\um\DirectXMathVector.inl(409,5): error C3861: 'assert': identifier not found
C:\Program Files (x86)\Windows Kits\10\Include\10.0.18362.0\um\DirectXMathVector.inl(478,5): error C3861: 'assert': identifier not found
C:\Program Files (x86)\Windows Kits\10\Include\10.0.18362.0\um\DirectXMathVector.inl(479,5): error C3861: 'assert': identifier not found
C:\Program Files (x86)\Windows Kits\10\Include\10.0.18362.0\um\DirectXMathVector.inl(479,20): fatal error C1003: error count exceeds 100; stopping compilation
  renderer_dx12.cpp
C:\Users\thoma\source\repos\gbEmu\tomBoy\tomboyApp\imgui\imgui.h(213,47): error C3861: 'assert': identifier not found
C:\Users\thoma\source\repos\gbEmu\tomBoy\tomboyApp\imgui\imgui.h(214,47): error C3861: 'assert': identifier not found
C:\Users\thoma\source\repos\gbEmu\tomBoy\tomboyApp\imgui\imgui.h(1326,63): error C3861: 'assert': identifier not found
C:\Users\thoma\source\repos\gbEmu\tomBoy\tomboyApp\imgui\imgui.h(1326,63): message : 'assert': function declaration must be available as none of the arguments depend on a template parameter
C:\Users\thoma\source\repos\gbEmu\tomBoy\tomboyApp\imgui\imgui.h(1360): message : see reference to class template instantiation 'ImVector<T>' being compiled
C:\Users\thoma\source\repos\gbEmu\tomBoy\tomboyApp\imgui\imgui.h(1327,63): error C3861: 'assert': identifier not found
C:\Users\thoma\source\repos\gbEmu\tomBoy\tomboyApp\imgui\imgui.h(1327,63): message : 'assert': function declaration must be available as none of the arguments depend on a template parameter
C:\Users\thoma\source\repos\gbEmu\tomBoy\tomboyApp\imgui\imgui.h(1334,63): error C3861: 'assert': identifier not found
C:\Users\thoma\source\repos\gbEmu\tomBoy\tomboyApp\imgui\imgui.h(1334,63): message : 'assert': function declaration must be available as none of the arguments depend on a template parameter
C:\Users\thoma\source\repos\gbEmu\tomBoy\tomboyApp\imgui\imgui.h(1335,63): error C3861: 'assert': identifier not found
C:\Users\thoma\source\repos\gbEmu\tomBoy\tomboyApp\imgui\imgui.h(1335,63): message : 'assert': function declaration must be available as none of the arguments depend on a template parameter
C:\Users\thoma\source\repos\gbEmu\tomBoy\tomboyApp\imgui\imgui.h(1336,63): error C3861: 'assert': identifier not found
C:\Users\thoma\source\repos\gbEmu\tomBoy\tomboyApp\imgui\imgui.h(1336,63): message : 'assert': function declaration must be available as none of the arguments depend on a template parameter
C:\Users\thoma\source\repos\gbEmu\tomBoy\tomboyApp\imgui\imgui.h(1337,63): error C3861: 'assert': identifier not found
C:\Users\thoma\source\repos\gbEmu\tomBoy\tomboyApp\imgui\imgui.h(1337,63): message : 'assert': function declaration must be available as none of the arguments depend on a template parameter
C:\Users\thoma\source\repos\gbEmu\tomBoy\tomboyApp\imgui\imgui.h(1343,63): error C3861: 'assert': identifier not found
C:\Users\thoma\source\repos\gbEmu\tomBoy\tomboyApp\imgui\imgui.h(1343,63): message : 'assert': function declaration must be available as none of the arguments depend on a template parameter
C:\Users\thoma\source\repos\gbEmu\tomBoy\tomboyApp\imgui\imgui.h(1348,63): error C3861: 'assert': identifier not found
C:\Users\thoma\source\repos\gbEmu\tomBoy\tomboyApp\imgui\imgui.h(1348,63): message : 'assert': function declaration must be available as none of the arguments depend on a template parameter
C:\Users\thoma\source\repos\gbEmu\tomBoy\tomboyApp\imgui\imgui.h(1654,155): error C3861: 'assert': identifier not found
C:\Users\thoma\source\repos\gbEmu\tomBoy\tomboyApp\imgui\imgui.h(1715,51): error C3861: 'assert': identifier not found
C:\Users\thoma\source\repos\gbEmu\tomBoy\tomboyApp\imgui\imgui.h(1806,75): error C3861: 'assert': identifier not found
C:\Users\thoma\source\repos\gbEmu\tomBoy\tomboyApp\imgui\imgui_memory_editor\imgui_memory_editor.h(546,9): error C3861: 'assert': identifier not found
C:\Users\thoma\source\repos\gbEmu\tomBoy\tomboyApp\imgui\imgui_memory_editor\imgui_memory_editor.h(553,9): error C3861: 'assert': identifier not found
C:\Users\thoma\source\repos\gbEmu\tomBoy\tomboyApp\imgui\imgui_memory_editor\imgui_memory_editor.h(560,9): error C3861: 'assert': identifier not found
C:\Users\thoma\source\repos\gbEmu\tomBoy\tomboyApp\imgui\imgui_memory_editor\imgui_memory_editor.h(614,9): error C3861: 'assert': identifier not found
C:\Users\thoma\source\repos\gbEmu\tomBoy\tomboyApp\imgui\imgui_memory_editor\imgui_memory_editor.h(624,9): error C3861: 'assert': identifier not found
C:\Users\thoma\source\repos\gbEmu\tomBoy\tomboyApp\imgui\imgui_memory_editor\imgui_memory_editor.h(735,9): error C3861: 'assert': identifier not found
C:\Program Files (x86)\Windows Kits\10\Include\10.0.18362.0\um\DirectXMath.h(2082,5): error C3861: 'assert': identifier not found
C:\Program Files (x86)\Windows Kits\10\Include\10.0.18362.0\um\DirectXMath.h(2083,5): error C3861: 'assert': identifier not found
C:\Program Files (x86)\Windows Kits\10\Include\10.0.18362.0\um\DirectXMath.h(2122,5): error C3861: 'assert': identifier not found
C:\Program Files (x86)\Windows Kits\10\Include\10.0.18362.0\um\DirectXMathConvert.inl(30,5): error C3861: 'assert': identifier not found
C:\Program Files (x86)\Windows Kits\10\Include\10.0.18362.0\um\DirectXMathConvert.inl(64,5): error C3861: 'assert': identifier not found
C:\Program Files (x86)\Windows Kits\10\Include\10.0.18362.0\um\DirectXMathConvert.inl(117,5): error C3861: 'assert': identifier not found
C:\Program Files (x86)\Windows Kits\10\Include\10.0.18362.0\um\DirectXMathConvert.inl(160,5): error C3861: 'assert': identifier not found
C:\Program Files (x86)\Windows Kits\10\Include\10.0.18362.0\um\DirectXMathConvert.inl(225,5): error C3861: 'assert': identifier not found
C:\Program Files (x86)\Windows Kits\10\Include\10.0.18362.0\um\DirectXMathConvert.inl(245,5): error C3861: 'assert': identifier not found
C:\Program Files (x86)\Windows Kits\10\Include\10.0.18362.0\um\DirectXMathConvert.inl(268,5): error C3861: 'assert': identifier not found
C:\Program Files (x86)\Windows Kits\10\Include\10.0.18362.0\um\DirectXMathConvert.inl(294,5): error C3861: 'assert': identifier not found
C:\Program Files (x86)\Windows Kits\10\Include\10.0.18362.0\um\DirectXMathConvert.inl(295,5): error C3861: 'assert': identifier not found
C:\Program Files (x86)\Windows Kits\10\Include\10.0.18362.0\um\DirectXMathConvert.inl(320,5): error C3861: 'assert': identifier not found
C:\Program Files (x86)\Windows Kits\10\Include\10.0.18362.0\um\DirectXMathConvert.inl(346,5): error C3861: 'assert': identifier not found
C:\Program Files (x86)\Windows Kits\10\Include\10.0.18362.0\um\DirectXMathConvert.inl(347,5): error C3861: 'assert': identifier not found
C:\Program Files (x86)\Windows Kits\10\Include\10.0.18362.0\um\DirectXMathConvert.inl(372,5): error C3861: 'assert': identifier not found
C:\Program Files (x86)\Windows Kits\10\Include\10.0.18362.0\um\DirectXMathConvert.inl(400,5): error C3861: 'assert': identifier not found
C:\Program Files (x86)\Windows Kits\10\Include\10.0.18362.0\um\DirectXMathConvert.inl(440,5): error C3861: 'assert': identifier not found
C:\Program Files (x86)\Windows Kits\10\Include\10.0.18362.0\um\DirectXMathConvert.inl(469,5): error C3861: 'assert': identifier not found
C:\Program Files (x86)\Windows Kits\10\Include\10.0.18362.0\um\DirectXMathConvert.inl(470,5): error C3861: 'assert': identifier not found
C:\Program Files (x86)\Windows Kits\10\Include\10.0.18362.0\um\DirectXMathConvert.inl(497,5): error C3861: 'assert': identifier not found
C:\Program Files (x86)\Windows Kits\10\Include\10.0.18362.0\um\DirectXMathConvert.inl(526,5): error C3861: 'assert': identifier not found
C:\Program Files (x86)\Windows Kits\10\Include\10.0.18362.0\um\DirectXMathConvert.inl(527,5): error C3861: 'assert': identifier not found
C:\Program Files (x86)\Windows Kits\10\Include\10.0.18362.0\um\DirectXMathConvert.inl(553,5): error C3861: 'assert': identifier not found
C:\Program Files (x86)\Windows Kits\10\Include\10.0.18362.0\um\DirectXMathConvert.inl(586,5): error C3861: 'assert': identifier not found
C:\Program Files (x86)\Windows Kits\10\Include\10.0.18362.0\um\DirectXMathConvert.inl(629,5): error C3861: 'assert': identifier not found
C:\Program Files (x86)\Windows Kits\10\Include\10.0.18362.0\um\DirectXMathConvert.inl(653,5): error C3861: 'assert': identifier not found
C:\Program Files (x86)\Windows Kits\10\Include\10.0.18362.0\um\DirectXMathConvert.inl(654,5): error C3861: 'assert': identifier not found
C:\Program Files (x86)\Windows Kits\10\Include\10.0.18362.0\um\DirectXMathConvert.inl(677,5): error C3861: 'assert': identifier not found
C:\Program Files (x86)\Windows Kits\10\Include\10.0.18362.0\um\DirectXMathConvert.inl(699,5): error C3861: 'assert': identifier not found
C:\Program Files (x86)\Windows Kits\10\Include\10.0.18362.0\um\DirectXMathConvert.inl(700,5): error C3861: 'assert': identifier not found
C:\Program Files (x86)\Windows Kits\10\Include\10.0.18362.0\um\DirectXMathConvert.inl(722,5): error C3861: 'assert': identifier not found
C:\Program Files (x86)\Windows Kits\10\Include\10.0.18362.0\um\DirectXMathConvert.inl(748,5): error C3861: 'assert': identifier not found
C:\Program Files (x86)\Windows Kits\10\Include\10.0.18362.0\um\DirectXMathConvert.inl(784,5): error C3861: 'assert': identifier not found
C:\Program Files (x86)\Windows Kits\10\Include\10.0.18362.0\um\DirectXMathConvert.inl(849,5): error C3861: 'assert': identifier not found
C:\Program Files (x86)\Windows Kits\10\Include\10.0.18362.0\um\DirectXMathConvert.inl(929,5): error C3861: 'assert': identifier not found
C:\Program Files (x86)\Windows Kits\10\Include\10.0.18362.0\um\DirectXMathConvert.inl(930,5): error C3861: 'assert': identifier not found
C:\Program Files (x86)\Windows Kits\10\Include\10.0.18362.0\um\DirectXMathConvert.inl(1010,5): error C3861: 'assert': identifier not found
C:\Program Files (x86)\Windows Kits\10\Include\10.0.18362.0\um\DirectXMathConvert.inl(1091,5): error C3861: 'assert': identifier not found
C:\Program Files (x86)\Windows Kits\10\Include\10.0.18362.0\um\DirectXMathConvert.inl(1092,5): error C3861: 'assert': identifier not found
C:\Program Files (x86)\Windows Kits\10\Include\10.0.18362.0\um\DirectXMathConvert.inl(1173,5): error C3861: 'assert': identifier not found
C:\Program Files (x86)\Windows Kits\10\Include\10.0.18362.0\um\DirectXMathConvert.inl(1222,5): error C3861: 'assert': identifier not found
C:\Program Files (x86)\Windows Kits\10\Include\10.0.18362.0\um\DirectXMathConvert.inl(1223,5): error C3861: 'assert': identifier not found
C:\Program Files (x86)\Windows Kits\10\Include\10.0.18362.0\um\DirectXMathConvert.inl(1277,5): error C3861: 'assert': identifier not found
C:\Program Files (x86)\Windows Kits\10\Include\10.0.18362.0\um\DirectXMathConvert.inl(1295,5): error C3861: 'assert': identifier not found
C:\Program Files (x86)\Windows Kits\10\Include\10.0.18362.0\um\DirectXMathConvert.inl(1313,5): error C3861: 'assert': identifier not found
C:\Program Files (x86)\Windows Kits\10\Include\10.0.18362.0\um\DirectXMathConvert.inl(1335,5): error C3861: 'assert': identifier not found
C:\Program Files (x86)\Windows Kits\10\Include\10.0.18362.0\um\DirectXMathConvert.inl(1336,5): error C3861: 'assert': identifier not found
C:\Program Files (x86)\Windows Kits\10\Include\10.0.18362.0\um\DirectXMathConvert.inl(1356,5): error C3861: 'assert': identifier not found
C:\Program Files (x86)\Windows Kits\10\Include\10.0.18362.0\um\DirectXMathConvert.inl(1378,5): error C3861: 'assert': identifier not found
C:\Program Files (x86)\Windows Kits\10\Include\10.0.18362.0\um\DirectXMathConvert.inl(1379,5): error C3861: 'assert': identifier not found
C:\Program Files (x86)\Windows Kits\10\Include\10.0.18362.0\um\DirectXMathConvert.inl(1399,5): error C3861: 'assert': identifier not found
C:\Program Files (x86)\Windows Kits\10\Include\10.0.18362.0\um\DirectXMathConvert.inl(1431,5): error C3861: 'assert': identifier not found
C:\Program Files (x86)\Windows Kits\10\Include\10.0.18362.0\um\DirectXMathConvert.inl(1472,5): error C3861: 'assert': identifier not found
C:\Program Files (x86)\Windows Kits\10\Include\10.0.18362.0\um\DirectXMathConvert.inl(1498,5): error C3861: 'assert': identifier not found
C:\Program Files (x86)\Windows Kits\10\Include\10.0.18362.0\um\DirectXMathConvert.inl(1499,5): error C3861: 'assert': identifier not found
C:\Program Files (x86)\Windows Kits\10\Include\10.0.18362.0\um\DirectXMathConvert.inl(1523,5): error C3861: 'assert': identifier not found
C:\Program Files (x86)\Windows Kits\10\Include\10.0.18362.0\um\DirectXMathConvert.inl(1549,5): error C3861: 'assert': identifier not found
C:\Program Files (x86)\Windows Kits\10\Include\10.0.18362.0\um\DirectXMathConvert.inl(1550,5): error C3861: 'assert': identifier not found
C:\Program Files (x86)\Windows Kits\10\Include\10.0.18362.0\um\DirectXMathConvert.inl(1574,5): error C3861: 'assert': identifier not found
C:\Program Files (x86)\Windows Kits\10\Include\10.0.18362.0\um\DirectXMathConvert.inl(1610,5): error C3861: 'assert': identifier not found
C:\Program Files (x86)\Windows Kits\10\Include\10.0.18362.0\um\DirectXMathConvert.inl(1655,5): error C3861: 'assert': identifier not found
C:\Program Files (x86)\Windows Kits\10\Include\10.0.18362.0\um\DirectXMathConvert.inl(1676,5): error C3861: 'assert': identifier not found
C:\Program Files (x86)\Windows Kits\10\Include\10.0.18362.0\um\DirectXMathConvert.inl(1677,5): error C3861: 'assert': identifier not found
C:\Program Files (x86)\Windows Kits\10\Include\10.0.18362.0\um\DirectXMathConvert.inl(1698,5): error C3861: 'assert': identifier not found
C:\Program Files (x86)\Windows Kits\10\Include\10.0.18362.0\um\DirectXMathConvert.inl(1719,5): error C3861: 'assert': identifier not found
C:\Program Files (x86)\Windows Kits\10\Include\10.0.18362.0\um\DirectXMathConvert.inl(1720,5): error C3861: 'assert': identifier not found
C:\Program Files (x86)\Windows Kits\10\Include\10.0.18362.0\um\DirectXMathConvert.inl(1741,5): error C3861: 'assert': identifier not found
C:\Program Files (x86)\Windows Kits\10\Include\10.0.18362.0\um\DirectXMathConvert.inl(1771,5): error C3861: 'assert': identifier not found
C:\Program Files (x86)\Windows Kits\10\Include\10.0.18362.0\um\DirectXMathConvert.inl(1810,5): error C3861: 'assert': identifier not found
C:\Program Files (x86)\Windows Kits\10\Include\10.0.18362.0\um\DirectXMathConvert.inl(1857,5): error C3861: 'assert': identifier not found
C:\Program Files (x86)\Windows Kits\10\Include\10.0.18362.0\um\DirectXMathConvert.inl(1912,5): error C3861: 'assert': identifier not found
C:\Program Files (x86)\Windows Kits\10\Include\10.0.18362.0\um\DirectXMathConvert.inl(1913,5): error C3861: 'assert': identifier not found
C:\Program Files (x86)\Windows Kits\10\Include\10.0.18362.0\um\DirectXMathConvert.inl(1978,5): error C3861: 'assert': identifier not found
C:\Program Files (x86)\Windows Kits\10\Include\10.0.18362.0\um\DirectXMathConvert.inl(2037,5): error C3861: 'assert': identifier not found
C:\Program Files (x86)\Windows Kits\10\Include\10.0.18362.0\um\DirectXMathConvert.inl(2038,5): error C3861: 'assert': identifier not found
C:\Program Files (x86)\Windows Kits\10\Include\10.0.18362.0\um\DirectXMathConvert.inl(2097,5): error C3861: 'assert': identifier not found
C:\Program Files (x86)\Windows Kits\10\Include\10.0.18362.0\um\DirectXMathConvert.inl(2141,5): error C3861: 'assert': identifier not found
C:\Program Files (x86)\Windows Kits\10\Include\10.0.18362.0\um\DirectXMathConvert.inl(2142,5): error C3861: 'assert': identifier not found
C:\Program Files (x86)\Windows Kits\10\Include\10.0.18362.0\um\DirectXMathVector.inl(409,5): error C3861: 'assert': identifier not found
C:\Program Files (x86)\Windows Kits\10\Include\10.0.18362.0\um\DirectXMathVector.inl(478,5): error C3861: 'assert': identifier not found
C:\Program Files (x86)\Windows Kits\10\Include\10.0.18362.0\um\DirectXMathVector.inl(479,5): error C3861: 'assert': identifier not found
C:\Program Files (x86)\Windows Kits\10\Include\10.0.18362.0\um\DirectXMathVector.inl(479,20): fatal error C1003: error count exceeds 100; stopping compilation
  test.cpp
C:\Users\thoma\source\repos\gbEmu\tomBoy\tomboyApp\imgui\imgui.h(213,47): error C3861: 'assert': identifier not found
C:\Users\thoma\source\repos\gbEmu\tomBoy\tomboyApp\imgui\imgui.h(214,47): error C3861: 'assert': identifier not found
C:\Users\thoma\source\repos\gbEmu\tomBoy\tomboyApp\imgui\imgui.h(1326,63): error C3861: 'assert': identifier not found
C:\Users\thoma\source\repos\gbEmu\tomBoy\tomboyApp\imgui\imgui.h(1326,63): message : 'assert': function declaration must be available as none of the arguments depend on a template parameter
C:\Users\thoma\source\repos\gbEmu\tomBoy\tomboyApp\imgui\imgui.h(1360): message : see reference to class template instantiation 'ImVector<T>' being compiled
C:\Users\thoma\source\repos\gbEmu\tomBoy\tomboyApp\imgui\imgui.h(1327,63): error C3861: 'assert': identifier not found
C:\Users\thoma\source\repos\gbEmu\tomBoy\tomboyApp\imgui\imgui.h(1327,63): message : 'assert': function declaration must be available as none of the arguments depend on a template parameter
C:\Users\thoma\source\repos\gbEmu\tomBoy\tomboyApp\imgui\imgui.h(1334,63): error C3861: 'assert': identifier not found
C:\Users\thoma\source\repos\gbEmu\tomBoy\tomboyApp\imgui\imgui.h(1334,63): message : 'assert': function declaration must be available as none of the arguments depend on a template parameter
C:\Users\thoma\source\repos\gbEmu\tomBoy\tomboyApp\imgui\imgui.h(1335,63): error C3861: 'assert': identifier not found
C:\Users\thoma\source\repos\gbEmu\tomBoy\tomboyApp\imgui\imgui.h(1335,63): message : 'assert': function declaration must be available as none of the arguments depend on a template parameter
C:\Users\thoma\source\repos\gbEmu\tomBoy\tomboyApp\imgui\imgui.h(1336,63): error C3861: 'assert': identifier not found
C:\Users\thoma\source\repos\gbEmu\tomBoy\tomboyApp\imgui\imgui.h(1336,63): message : 'assert': function declaration must be available as none of the arguments depend on a template parameter
C:\Users\thoma\source\repos\gbEmu\tomBoy\tomboyApp\imgui\imgui.h(1337,63): error C3861: 'assert': identifier not found
C:\Users\thoma\source\repos\gbEmu\tomBoy\tomboyApp\imgui\imgui.h(1337,63): message : 'assert': function declaration must be available as none of the arguments depend on a template parameter
C:\Users\thoma\source\repos\gbEmu\tomBoy\tomboyApp\imgui\imgui.h(1343,63): error C3861: 'assert': identifier not found
C:\Users\thoma\source\repos\gbEmu\tomBoy\tomboyApp\imgui\imgui.h(1343,63): message : 'assert': function declaration must be available as none of the arguments depend on a template parameter
C:\Users\thoma\source\repos\gbEmu\tomBoy\tomboyApp\imgui\imgui.h(1348,63): error C3861: 'assert': identifier not found
C:\Users\thoma\source\repos\gbEmu\tomBoy\tomboyApp\imgui\imgui.h(1348,63): message : 'assert': function declaration must be available as none of the arguments depend on a template parameter
C:\Users\thoma\source\repos\gbEmu\tomBoy\tomboyApp\imgui\imgui.h(1654,155): error C3861: 'assert': identifier not found
C:\Users\thoma\source\repos\gbEmu\tomBoy\tomboyApp\imgui\imgui.h(1715,51): error C3861: 'assert': identifier not found
C:\Users\thoma\source\repos\gbEmu\tomBoy\tomboyApp\imgui\imgui.h(1806,75): error C3861: 'assert': identifier not found
C:\Users\thoma\source\repos\gbEmu\tomBoy\tomboyApp\imgui\imgui_memory_editor\imgui_memory_editor.h(546,9): error C3861: 'assert': identifier not found
C:\Users\thoma\source\repos\gbEmu\tomBoy\tomboyApp\imgui\imgui_memory_editor\imgui_memory_editor.h(553,9): error C3861: 'assert': identifier not found
C:\Users\thoma\source\repos\gbEmu\tomBoy\tomboyApp\imgui\imgui_memory_editor\imgui_memory_editor.h(560,9): error C3861: 'assert': identifier not found
C:\Users\thoma\source\repos\gbEmu\tomBoy\tomboyApp\imgui\imgui_memory_editor\imgui_memory_editor.h(614,9): error C3861: 'assert': identifier not found
C:\Users\thoma\source\repos\gbEmu\tomBoy\tomboyApp\imgui\imgui_memory_editor\imgui_memory_editor.h(624,9): error C3861: 'assert': identifier not found
C:\Users\thoma\source\repos\gbEmu\tomBoy\tomboyApp\imgui\imgui_memory_editor\imgui_memory_editor.h(735,9): error C3861: 'assert': identifier not found
  tomboyApp.cpp
C:\Users\thoma\source\repos\gbEmu\tomBoy\tomboyApp\imgui\imgui.h(213,47): error C3861: 'assert': identifier not found
C:\Users\thoma\source\repos\gbEmu\tomBoy\tomboyApp\imgui\imgui.h(214,47): error C3861: 'assert': identifier not found
C:\Users\thoma\source\repos\gbEmu\tomBoy\tomboyApp\imgui\imgui.h(1326,63): error C3861: 'assert': identifier not found
C:\Users\thoma\source\repos\gbEmu\tomBoy\tomboyApp\imgui\imgui.h(1326,63): message : 'assert': function declaration must be available as none of the arguments depend on a template parameter
C:\Users\thoma\source\repos\gbEmu\tomBoy\tomboyApp\imgui\imgui.h(1360): message : see reference to class template instantiation 'ImVector<T>' being compiled
C:\Users\thoma\source\repos\gbEmu\tomBoy\tomboyApp\imgui\imgui.h(1327,63): error C3861: 'assert': identifier not found
C:\Users\thoma\source\repos\gbEmu\tomBoy\tomboyApp\imgui\imgui.h(1327,63): message : 'assert': function declaration must be available as none of the arguments depend on a template parameter
C:\Users\thoma\source\repos\gbEmu\tomBoy\tomboyApp\imgui\imgui.h(1334,63): error C3861: 'assert': identifier not found
C:\Users\thoma\source\repos\gbEmu\tomBoy\tomboyApp\imgui\imgui.h(1334,63): message : 'assert': function declaration must be available as none of the arguments depend on a template parameter
C:\Users\thoma\source\repos\gbEmu\tomBoy\tomboyApp\imgui\imgui.h(1335,63): error C3861: 'assert': identifier not found
C:\Users\thoma\source\repos\gbEmu\tomBoy\tomboyApp\imgui\imgui.h(1335,63): message : 'assert': function declaration must be available as none of the arguments depend on a template parameter
C:\Users\thoma\source\repos\gbEmu\tomBoy\tomboyApp\imgui\imgui.h(1336,63): error C3861: 'assert': identifier not found
C:\Users\thoma\source\repos\gbEmu\tomBoy\tomboyApp\imgui\imgui.h(1336,63): message : 'assert': function declaration must be available as none of the arguments depend on a template parameter
C:\Users\thoma\source\repos\gbEmu\tomBoy\tomboyApp\imgui\imgui.h(1337,63): error C3861: 'assert': identifier not found
C:\Users\thoma\source\repos\gbEmu\tomBoy\tomboyApp\imgui\imgui.h(1337,63): message : 'assert': function declaration must be available as none of the arguments depend on a template parameter
C:\Users\thoma\source\repos\gbEmu\tomBoy\tomboyApp\imgui\imgui.h(1343,63): error C3861: 'assert': identifier not found
C:\Users\thoma\source\repos\gbEmu\tomBoy\tomboyApp\imgui\imgui.h(1343,63): message : 'assert': function declaration must be available as none of the arguments depend on a template parameter
C:\Users\thoma\source\repos\gbEmu\tomBoy\tomboyApp\imgui\imgui.h(1348,63): error C3861: 'assert': identifier not found
C:\Users\thoma\source\repos\gbEmu\tomBoy\tomboyApp\imgui\imgui.h(1348,63): message : 'assert': function declaration must be available as none of the arguments depend on a template parameter
C:\Users\thoma\source\repos\gbEmu\tomBoy\tomboyApp\imgui\imgui.h(1654,155): error C3861: 'assert': identifier not found
C:\Users\thoma\source\repos\gbEmu\tomBoy\tomboyApp\imgui\imgui.h(1715,51): error C3861: 'assert': identifier not found
C:\Users\thoma\source\repos\gbEmu\tomBoy\tomboyApp\imgui\imgui.h(1806,75): error C3861: 'assert': identifier not found
C:\Users\thoma\source\repos\gbEmu\tomBoy\tomboyApp\imgui\imgui_memory_editor\imgui_memory_editor.h(546,9): error C3861: 'assert': identifier not found
C:\Users\thoma\source\repos\gbEmu\tomBoy\tomboyApp\imgui\imgui_memory_editor\imgui_memory_editor.h(553,9): error C3861: 'assert': identifier not found
C:\Users\thoma\source\repos\gbEmu\tomBoy\tomboyApp\imgui\imgui_memory_editor\imgui_memory_editor.h(560,9): error C3861: 'assert': identifier not found
C:\Users\thoma\source\repos\gbEmu\tomBoy\tomboyApp\imgui\imgui_memory_editor\imgui_memory_editor.h(614,9): error C3861: 'assert': identifier not found
C:\Users\thoma\source\repos\gbEmu\tomBoy\tomboyApp\imgui\imgui_memory_editor\imgui_memory_editor.h(624,9): error C3861: 'assert': identifier not found
C:\Users\thoma\source\repos\gbEmu\tomBoy\tomboyApp\imgui\imgui_memory_editor\imgui_memory_editor.h(735,9): error C3861: 'assert': identifier not found
C:\Program Files (x86)\Windows Kits\10\Include\10.0.18362.0\um\DirectXMath.h(2082,5): error C3861: 'assert': identifier not found
C:\Program Files (x86)\Windows Kits\10\Include\10.0.18362.0\um\DirectXMath.h(2083,5): error C3861: 'assert': identifier not found
C:\Program Files (x86)\Windows Kits\10\Include\10.0.18362.0\um\DirectXMath.h(2122,5): error C3861: 'assert': identifier not found
C:\Program Files (x86)\Windows Kits\10\Include\10.0.18362.0\um\DirectXMathConvert.inl(30,5): error C3861: 'assert': identifier not found
C:\Program Files (x86)\Windows Kits\10\Include\10.0.18362.0\um\DirectXMathConvert.inl(64,5): error C3861: 'assert': identifier not found
C:\Program Files (x86)\Windows Kits\10\Include\10.0.18362.0\um\DirectXMathConvert.inl(117,5): error C3861: 'assert': identifier not found
C:\Program Files (x86)\Windows Kits\10\Include\10.0.18362.0\um\DirectXMathConvert.inl(160,5): error C3861: 'assert': identifier not found
C:\Program Files (x86)\Windows Kits\10\Include\10.0.18362.0\um\DirectXMathConvert.inl(225,5): error C3861: 'assert': identifier not found
C:\Program Files (x86)\Windows Kits\10\Include\10.0.18362.0\um\DirectXMathConvert.inl(245,5): error C3861: 'assert': identifier not found
C:\Program Files (x86)\Windows Kits\10\Include\10.0.18362.0\um\DirectXMathConvert.inl(268,5): error C3861: 'assert': identifier not found
C:\Program Files (x86)\Windows Kits\10\Include\10.0.18362.0\um\DirectXMathConvert.inl(294,5): error C3861: 'assert': identifier not found
C:\Program Files (x86)\Windows Kits\10\Include\10.0.18362.0\um\DirectXMathConvert.inl(295,5): error C3861: 'assert': identifier not found
C:\Program Files (x86)\Windows Kits\10\Include\10.0.18362.0\um\DirectXMathConvert.inl(320,5): error C3861: 'assert': identifier not found
C:\Program Files (x86)\Windows Kits\10\Include\10.0.18362.0\um\DirectXMathConvert.inl(346,5): error C3861: 'assert': identifier not found
C:\Program Files (x86)\Windows Kits\10\Include\10.0.18362.0\um\DirectXMathConvert.inl(347,5): error C3861: 'assert': identifier not found
C:\Program Files (x86)\Windows Kits\10\Include\10.0.18362.0\um\DirectXMathConvert.inl(372,5): error C3861: 'assert': identifier not found
C:\Program Files (x86)\Windows Kits\10\Include\10.0.18362.0\um\DirectXMathConvert.inl(400,5): error C3861: 'assert': identifier not found
C:\Program Files (x86)\Windows Kits\10\Include\10.0.18362.0\um\DirectXMathConvert.inl(440,5): error C3861: 'assert': identifier not found
C:\Program Files (x86)\Windows Kits\10\Include\10.0.18362.0\um\DirectXMathConvert.inl(469,5): error C3861: 'assert': identifier not found
C:\Program Files (x86)\Windows Kits\10\Include\10.0.18362.0\um\DirectXMathConvert.inl(470,5): error C3861: 'assert': identifier not found
C:\Program Files (x86)\Windows Kits\10\Include\10.0.18362.0\um\DirectXMathConvert.inl(497,5): error C3861: 'assert': identifier not found
C:\Program Files (x86)\Windows Kits\10\Include\10.0.18362.0\um\DirectXMathConvert.inl(526,5): error C3861: 'assert': identifier not found
C:\Program Files (x86)\Windows Kits\10\Include\10.0.18362.0\um\DirectXMathConvert.inl(527,5): error C3861: 'assert': identifier not found
C:\Program Files (x86)\Windows Kits\10\Include\10.0.18362.0\um\DirectXMathConvert.inl(553,5): error C3861: 'assert': identifier not found
C:\Program Files (x86)\Windows Kits\10\Include\10.0.18362.0\um\DirectXMathConvert.inl(586,5): error C3861: 'assert': identifier not found
C:\Program Files (x86)\Windows Kits\10\Include\10.0.18362.0\um\DirectXMathConvert.inl(629,5): error C3861: 'assert': identifier not found
C:\Program Files (x86)\Windows Kits\10\Include\10.0.18362.0\um\DirectXMathConvert.inl(653,5): error C3861: 'assert': identifier not found
C:\Program Files (x86)\Windows Kits\10\Include\10.0.18362.0\um\DirectXMathConvert.inl(654,5): error C3861: 'assert': identifier not found
C:\Program Files (x86)\Windows Kits\10\Include\10.0.18362.0\um\DirectXMathConvert.inl(677,5): error C3861: 'assert': identifier not found
C:\Program Files (x86)\Windows Kits\10\Include\10.0.18362.0\um\DirectXMathConvert.inl(699,5): error C3861: 'assert': identifier not found
C:\Program Files (x86)\Windows Kits\10\Include\10.0.18362.0\um\DirectXMathConvert.inl(700,5): error C3861: 'assert': identifier not found
C:\Program Files (x86)\Windows Kits\10\Include\10.0.18362.0\um\DirectXMathConvert.inl(722,5): error C3861: 'assert': identifier not found
C:\Program Files (x86)\Windows Kits\10\Include\10.0.18362.0\um\DirectXMathConvert.inl(748,5): error C3861: 'assert': identifier not found
C:\Program Files (x86)\Windows Kits\10\Include\10.0.18362.0\um\DirectXMathConvert.inl(784,5): error C3861: 'assert': identifier not found
C:\Program Files (x86)\Windows Kits\10\Include\10.0.18362.0\um\DirectXMathConvert.inl(849,5): error C3861: 'assert': identifier not found
C:\Program Files (x86)\Windows Kits\10\Include\10.0.18362.0\um\DirectXMathConvert.inl(929,5): error C3861: 'assert': identifier not found
C:\Program Files (x86)\Windows Kits\10\Include\10.0.18362.0\um\DirectXMathConvert.inl(930,5): error C3861: 'assert': identifier not found
C:\Program Files (x86)\Windows Kits\10\Include\10.0.18362.0\um\DirectXMathConvert.inl(1010,5): error C3861: 'assert': identifier not found
C:\Program Files (x86)\Windows Kits\10\Include\10.0.18362.0\um\DirectXMathConvert.inl(1091,5): error C3861: 'assert': identifier not found
C:\Program Files (x86)\Windows Kits\10\Include\10.0.18362.0\um\DirectXMathConvert.inl(1092,5): error C3861: 'assert': identifier not found
C:\Program Files (x86)\Windows Kits\10\Include\10.0.18362.0\um\DirectXMathConvert.inl(1173,5): error C3861: 'assert': identifier not found
C:\Program Files (x86)\Windows Kits\10\Include\10.0.18362.0\um\DirectXMathConvert.inl(1222,5): error C3861: 'assert': identifier not found
C:\Program Files (x86)\Windows Kits\10\Include\10.0.18362.0\um\DirectXMathConvert.inl(1223,5): error C3861: 'assert': identifier not found
C:\Program Files (x86)\Windows Kits\10\Include\10.0.18362.0\um\DirectXMathConvert.inl(1277,5): error C3861: 'assert': identifier not found
C:\Program Files (x86)\Windows Kits\10\Include\10.0.18362.0\um\DirectXMathConvert.inl(1295,5): error C3861: 'assert': identifier not found
C:\Program Files (x86)\Windows Kits\10\Include\10.0.18362.0\um\DirectXMathConvert.inl(1313,5): error C3861: 'assert': identifier not found
C:\Program Files (x86)\Windows Kits\10\Include\10.0.18362.0\um\DirectXMathConvert.inl(1335,5): error C3861: 'assert': identifier not found
C:\Program Files (x86)\Windows Kits\10\Include\10.0.18362.0\um\DirectXMathConvert.inl(1336,5): error C3861: 'assert': identifier not found
C:\Program Files (x86)\Windows Kits\10\Include\10.0.18362.0\um\DirectXMathConvert.inl(1356,5): error C3861: 'assert': identifier not found
C:\Program Files (x86)\Windows Kits\10\Include\10.0.18362.0\um\DirectXMathConvert.inl(1378,5): error C3861: 'assert': identifier not found
C:\Program Files (x86)\Windows Kits\10\Include\10.0.18362.0\um\DirectXMathConvert.inl(1379,5): error C3861: 'assert': identifier not found
C:\Program Files (x86)\Windows Kits\10\Include\10.0.18362.0\um\DirectXMathConvert.inl(1399,5): error C3861: 'assert': identifier not found
C:\Program Files (x86)\Windows Kits\10\Include\10.0.18362.0\um\DirectXMathConvert.inl(1431,5): error C3861: 'assert': identifier not found
C:\Program Files (x86)\Windows Kits\10\Include\10.0.18362.0\um\DirectXMathConvert.inl(1472,5): error C3861: 'assert': identifier not found
C:\Program Files (x86)\Windows Kits\10\Include\10.0.18362.0\um\DirectXMathConvert.inl(1498,5): error C3861: 'assert': identifier not found
C:\Program Files (x86)\Windows Kits\10\Include\10.0.18362.0\um\DirectXMathConvert.inl(1499,5): error C3861: 'assert': identifier not found
C:\Program Files (x86)\Windows Kits\10\Include\10.0.18362.0\um\DirectXMathConvert.inl(1523,5): error C3861: 'assert': identifier not found
C:\Program Files (x86)\Windows Kits\10\Include\10.0.18362.0\um\DirectXMathConvert.inl(1549,5): error C3861: 'assert': identifier not found
C:\Program Files (x86)\Windows Kits\10\Include\10.0.18362.0\um\DirectXMathConvert.inl(1550,5): error C3861: 'assert': identifier not found
C:\Program Files (x86)\Windows Kits\10\Include\10.0.18362.0\um\DirectXMathConvert.inl(1574,5): error C3861: 'assert': identifier not found
C:\Program Files (x86)\Windows Kits\10\Include\10.0.18362.0\um\DirectXMathConvert.inl(1610,5): error C3861: 'assert': identifier not found
C:\Program Files (x86)\Windows Kits\10\Include\10.0.18362.0\um\DirectXMathConvert.inl(1655,5): error C3861: 'assert': identifier not found
C:\Program Files (x86)\Windows Kits\10\Include\10.0.18362.0\um\DirectXMathConvert.inl(1676,5): error C3861: 'assert': identifier not found
C:\Program Files (x86)\Windows Kits\10\Include\10.0.18362.0\um\DirectXMathConvert.inl(1677,5): error C3861: 'assert': identifier not found
C:\Program Files (x86)\Windows Kits\10\Include\10.0.18362.0\um\DirectXMathConvert.inl(1698,5): error C3861: 'assert': identifier not found
C:\Program Files (x86)\Windows Kits\10\Include\10.0.18362.0\um\DirectXMathConvert.inl(1719,5): error C3861: 'assert': identifier not found
C:\Program Files (x86)\Windows Kits\10\Include\10.0.18362.0\um\DirectXMathConvert.inl(1720,5): error C3861: 'assert': identifier not found
C:\Program Files (x86)\Windows Kits\10\Include\10.0.18362.0\um\DirectXMathConvert.inl(1741,5): error C3861: 'assert': identifier not found
C:\Program Files (x86)\Windows Kits\10\Include\10.0.18362.0\um\DirectXMathConvert.inl(1771,5): error C3861: 'assert': identifier not found
C:\Program Files (x86)\Windows Kits\10\Include\10.0.18362.0\um\DirectXMathConvert.inl(1810,5): error C3861: 'assert': identifier not found
C:\Program Files (x86)\Windows Kits\10\Include\10.0.18362.0\um\DirectXMathConvert.inl(1857,5): error C3861: 'assert': identifier not found
C:\Program Files (x86)\Windows Kits\10\Include\10.0.18362.0\um\DirectXMathConvert.inl(1912,5): error C3861: 'assert': identifier not found
C:\Program Files (x86)\Windows Kits\10\Include\10.0.18362.0\um\DirectXMathConvert.inl(1913,5): error C3861: 'assert': identifier not found
C:\Program Files (x86)\Windows Kits\10\Include\10.0.18362.0\um\DirectXMathConvert.inl(1978,5): error C3861: 'assert': identifier not found
C:\Program Files (x86)\Windows Kits\10\Include\10.0.18362.0\um\DirectXMathConvert.inl(2037,5): error C3861: 'assert': identifier not found
C:\Program Files (x86)\Windows Kits\10\Include\10.0.18362.0\um\DirectXMathConvert.inl(2038,5): error C3861: 'assert': identifier not found
C:\Program Files (x86)\Windows Kits\10\Include\10.0.18362.0\um\DirectXMathConvert.inl(2097,5): error C3861: 'assert': identifier not found
C:\Program Files (x86)\Windows Kits\10\Include\10.0.18362.0\um\DirectXMathConvert.inl(2141,5): error C3861: 'assert': identifier not found
C:\Program Files (x86)\Windows Kits\10\Include\10.0.18362.0\um\DirectXMathConvert.inl(2142,5): error C3861: 'assert': identifier not found
C:\Program Files (x86)\Windows Kits\10\Include\10.0.18362.0\um\DirectXMathVector.inl(409,5): error C3861: 'assert': identifier not found
C:\Program Files (x86)\Windows Kits\10\Include\10.0.18362.0\um\DirectXMathVector.inl(478,5): error C3861: 'assert': identifier not found
C:\Program Files (x86)\Windows Kits\10\Include\10.0.18362.0\um\DirectXMathVector.inl(479,5): error C3861: 'assert': identifier not found
C:\Program Files (x86)\Windows Kits\10\Include\10.0.18362.0\um\DirectXMathVector.inl(479,20): fatal error C1003: error count exceeds 100; stopping compilation
